[INFO] [launch]: All log files can be found below /home/mostafa/.ros/log/2025-04-20-19-47-19-309670-Mostafa-13651
[INFO] [launch]: Default logging verbosity is set to INFO
[INFO] [install_dependencies-1]: process started with pid [13654]
[INFO] [static_transform_publisher-2]: process started with pid [13655]
[INFO] [static_transform_publisher-3]: process started with pid [13656]
[INFO] [static_transform_publisher-4]: process started with pid [13658]
[INFO] [static_transform_publisher-5]: process started with pid [13659]
[INFO] [imu_euler_visualizer-6]: process started with pid [13660]
[INFO] [lidar_listener_clusters_2-7]: process started with pid [13661]
[INFO] [test_navigation-8]: process started with pid [13662]
[INFO] [test_navigation-9]: process started with pid [13663]
[INFO] [rviz2-10]: process started with pid [13664]
[INFO] [verify_tf_tree-11]: process started with pid [13665]
[static_transform_publisher-3] [WARN] [1745171239.487060706] []: Old-style arguments are deprecated; see --help for new-style arguments
[static_transform_publisher-4] [WARN] [1745171239.488868320] []: Old-style arguments are deprecated; see --help for new-style arguments
[static_transform_publisher-5] [WARN] [1745171239.488887561] []: Old-style arguments are deprecated; see --help for new-style arguments
[static_transform_publisher-2] [WARN] [1745171239.489111200] []: Old-style arguments are deprecated; see --help for new-style arguments
[INFO] [install_dependencies-1]: process has finished cleanly [pid 13654]
[static_transform_publisher-2] [INFO] [1745171239.526111040] [tf_world_to_map]: Spinning until stopped - publishing transform
[static_transform_publisher-2] translation: ('0.000000', '0.000000', '0.000000')
[static_transform_publisher-2] rotation: ('0.000000', '0.000000', '0.000000', '1.000000')
[static_transform_publisher-2] from 'world' to 'map'
[static_transform_publisher-5] [INFO] [1745171239.528326926] [tf_imu_to_lidar]: Spinning until stopped - publishing transform
[static_transform_publisher-5] translation: ('0.000000', '0.000000', '0.200000')
[static_transform_publisher-5] rotation: ('0.000000', '0.000000', '0.000000', '1.000000')
[static_transform_publisher-5] from 'imu_link' to 'lidar_link'
[static_transform_publisher-4] [INFO] [1745171239.528740189] [tf_base_to_imu]: Spinning until stopped - publishing transform
[static_transform_publisher-4] translation: ('0.000000', '0.000000', '0.100000')
[static_transform_publisher-4] rotation: ('0.000000', '0.000000', '0.000000', '1.000000')
[static_transform_publisher-4] from 'base_link' to 'imu_link'
[static_transform_publisher-3] [INFO] [1745171239.532945926] [tf_map_to_base_link_static]: Spinning until stopped - publishing transform
[static_transform_publisher-3] translation: ('0.000000', '0.000000', '0.000000')
[static_transform_publisher-3] rotation: ('0.000000', '0.000000', '0.000000', '1.000000')
[static_transform_publisher-3] from 'map' to 'base_link'
[test_navigation-9] [INFO] [1745171240.263804764] [tf_orientation_handler]: Navigation tester node initialized
[test_navigation-9] [INFO] [1745171240.264847013] [tf_orientation_handler]: Using IMU topic: /imu/data
[test_navigation-9] [INFO] [1745171240.265922450] [tf_orientation_handler]: Using map topic: /realtime_map
[test_navigation-9] [INFO] [1745171240.266915979] [tf_orientation_handler]: Using yaw offset: 85.9 degrees
[test_navigation-9] [INFO] [1745171240.267922496] [tf_orientation_handler]: Goal distance: 5.0 meters
[test_navigation-9] [INFO] [1745171240.269010794] [tf_orientation_handler]: Waiting for map and IMU data...
[test_navigation-9] [INFO] [1745171240.269978897] [tf_orientation_handler]: You can dynamically adjust parameters with:
[test_navigation-9] [INFO] [1745171240.270643730] [tf_orientation_handler]:   ros2 param set /navigation_tester yaw_offset <value_in_radians>
[test_navigation-9] [INFO] [1745171240.271425144] [tf_orientation_handler]:   ros2 param set /navigation_tester goal_distance <value_in_meters>
[test_navigation-9] [INFO] [1745171240.272350869] [tf_orientation_handler]:   For example, to set 90 degrees rotation: ros2 param set /navigation_tester yaw_offset 1.6
[test_navigation-9] [INFO] [1745171240.273113342] [tf_orientation_handler]:   To extend path to 10 meters: ros2 param set /navigation_tester goal_distance 10.0
[imu_euler_visualizer-6] [INFO] [1745171240.351726711] [imu_euler_visualizer]: Publishing IMU Euler angle visualization on topic: imu/euler_markers
[imu_euler_visualizer-6] [INFO] [1745171240.352416507] [imu_euler_visualizer]: [92mReceiving IMU data format with 10 values (acc, gyro, compass, roll, pitch, yaw)[0m
[imu_euler_visualizer-6] [INFO] [1745171240.353228488] [imu_euler_visualizer]: [92mConnected to IMU server at 0.0.0.0:12345[0m
[test_navigation-8] [INFO] [1745171240.357907361] [navigation_tester]: Navigation tester node initialized
[test_navigation-8] [INFO] [1745171240.358613615] [navigation_tester]: Using IMU topic: /imu/data
[test_navigation-8] [INFO] [1745171240.359416045] [navigation_tester]: Using map topic: /realtime_map
[test_navigation-8] [INFO] [1745171240.360175796] [navigation_tester]: Using yaw offset: 85.9 degrees
[test_navigation-8] [INFO] [1745171240.360872810] [navigation_tester]: Goal distance: 5.0 meters
[test_navigation-8] [INFO] [1745171240.361560271] [navigation_tester]: Waiting for map and IMU data...
[test_navigation-8] [INFO] [1745171240.362623988] [navigation_tester]: You can dynamically adjust parameters with:
[test_navigation-8] [INFO] [1745171240.363822667] [navigation_tester]:   ros2 param set /navigation_tester yaw_offset <value_in_radians>
[test_navigation-8] [INFO] [1745171240.364911047] [navigation_tester]:   ros2 param set /navigation_tester goal_distance <value_in_meters>
[test_navigation-8] [INFO] [1745171240.365726020] [navigation_tester]:   For example, to set 90 degrees rotation: ros2 param set /navigation_tester yaw_offset 1.6
[test_navigation-8] [INFO] [1745171240.366631888] [navigation_tester]:   To extend path to 10 meters: ros2 param set /navigation_tester goal_distance 10.0
[lidar_listener_clusters_2-7] [INFO] [1745171240.425673683] [lidar_listener]: Attempting to connect to 0.0.0.0:12350...
[lidar_listener_clusters_2-7] [INFO] [1745171240.427075885] [lidar_listener]: Connected to server successfully
[rviz2-10] [INFO] [1745171240.860014823] [rviz2]: Stereo is NOT SUPPORTED
[rviz2-10] [INFO] [1745171240.860208856] [rviz2]: OpenGl version: 4.6 (GLSL 4.6)
[rviz2-10] [INFO] [1745171240.963613898] [rviz2]: Stereo is NOT SUPPORTED
[WARNING] [launch]: user interrupted with ctrl-c (SIGINT)
[rviz2-10] [INFO] [1745171242.138507417] [rclcpp]: signal_handler(signum=2)
[ERROR] [verify_tf_tree-11]: process has died [pid 13665, exit code -2, cmd 'bash -c sleep 15 && ros2 run tf2_ros tf2_echo map base_link'].
[static_transform_publisher-5] [INFO] [1745171242.138527313] [rclcpp]: signal_handler(signum=2)
[static_transform_publisher-4] [INFO] [1745171242.138538402] [rclcpp]: signal_handler(signum=2)
[static_transform_publisher-3] [INFO] [1745171242.138601363] [rclcpp]: signal_handler(signum=2)
[lidar_listener_clusters_2-7] Traceback (most recent call last):
[lidar_listener_clusters_2-7]   File "/home/mostafa/GP/ROS2/install/sensor_fusion/lib/sensor_fusion/lidar_listener_clusters_2", line 33, in <module>
[lidar_listener_clusters_2-7]     sys.exit(load_entry_point('sensor-fusion==0.1.0', 'console_scripts', 'lidar_listener_clusters_2')())
[static_transform_publisher-2] [INFO] [1745171242.138655845] [rclcpp]: signal_handler(signum=2)
[lidar_listener_clusters_2-7]              ^^^^^^^^^^^^^^^^^^^^^^^^^^^^^^^^^^^^^^^^^^^^^^^^^^^^^^^^^^^^^^^^^^^^^^^^^^^^^^^^^^^^^^^^^^
[lidar_listener_clusters_2-7]   File "/home/mostafa/GP/ROS2/install/sensor_fusion/lib/python3.12/site-packages/sensor_fusion/lidar_listener_clusters_2.py", line 590, in main
[lidar_listener_clusters_2-7]     rclpy.spin(node)
[lidar_listener_clusters_2-7]   File "/opt/ros/rolling/lib/python3.12/site-packages/rclpy/__init__.py", line 321, in spin
[lidar_listener_clusters_2-7]     executor.spin_once()
[lidar_listener_clusters_2-7]   File "/opt/ros/rolling/lib/python3.12/site-packages/rclpy/executors.py", line 920, in spin_once
[lidar_listener_clusters_2-7]     self._spin_once_impl(timeout_sec)
[lidar_listener_clusters_2-7]   File "/opt/ros/rolling/lib/python3.12/site-packages/rclpy/executors.py", line 912, in _spin_once_impl
[lidar_listener_clusters_2-7]     handler()
[lidar_listener_clusters_2-7]   File "/opt/ros/rolling/lib/python3.12/site-packages/rclpy/task.py", line 281, in __call__
[lidar_listener_clusters_2-7]     handler.send(None)
[lidar_listener_clusters_2-7]   File "/opt/ros/rolling/lib/python3.12/site-packages/rclpy/executors.py", line 589, in handler
[lidar_listener_clusters_2-7]     await call_coroutine()
[lidar_listener_clusters_2-7]   File "/opt/ros/rolling/lib/python3.12/site-packages/rclpy/executors.py", line 445, in _execute
[lidar_listener_clusters_2-7]     await await_or_execute(tmr.callback)
[lidar_listener_clusters_2-7]   File "/opt/ros/rolling/lib/python3.12/site-packages/rclpy/executors.py", line 130, in await_or_execute
[lidar_listener_clusters_2-7]     return callback(*args)
[lidar_listener_clusters_2-7]            ^^^^^^^^^^^^^^^
[lidar_listener_clusters_2-7]   File "/home/mostafa/GP/ROS2/install/sensor_fusion/lib/python3.12/site-packages/sensor_fusion/lidar_listener_clusters_2.py", line 193, in receive_data
[lidar_listener_clusters_2-7]     data = self.receive_exact(4)
[lidar_listener_clusters_2-7]            ^^^^^^^^^^^^^^^^^^^^^
[lidar_listener_clusters_2-7]   File "/home/mostafa/GP/ROS2/install/sensor_fusion/lib/python3.12/site-packages/sensor_fusion/lidar_listener_clusters_2.py", line 133, in receive_exact
[lidar_listener_clusters_2-7]     packet = self.socket.recv(size - len(data))
[lidar_listener_clusters_2-7]              ^^^^^^^^^^^^^^^^^^^^^^^^^^^^^^^^^^
[lidar_listener_clusters_2-7] KeyboardInterrupt
[imu_euler_visualizer-6] [INFO] [1745171242.140815224] [imu_euler_visualizer]: IMU Euler visualizer node shutting down
[imu_euler_visualizer-6] Failed to publish log message to rosout: publisher's context is invalid, at ./src/rcl/publisher.c:427
[imu_euler_visualizer-6] 
[imu_euler_visualizer-6] ================================================================================
[imu_euler_visualizer-6] [1m[95mIMU Euler Angle Visualizer Node[0m
[imu_euler_visualizer-6] Connecting to IMU server at [96m0.0.0.0:12345[0m
[imu_euler_visualizer-6] IMU frame: [92mimu_link[0m
[imu_euler_visualizer-6] Publishing Euler angle visualization markers on topic: [96mimu/euler_markers[0m
[imu_euler_visualizer-6] Also publishing standard IMU data on topic: [96mimu/data[0m
[imu_euler_visualizer-6] Publishing TF transform between [92mworld[0m and [92mimu_link[0m
[imu_euler_visualizer-6] ================================================================================
[imu_euler_visualizer-6] 
[ERROR] [lidar_listener_clusters_2-7]: process has died [pid 13661, exit code -2, cmd '/home/mostafa/GP/ROS2/install/sensor_fusion/lib/sensor_fusion/lidar_listener_clusters_2 --ros-args -r __node:=lidar_listener --params-file /tmp/launch_params_v93s5kl3'].
[INFO] [static_transform_publisher-4]: process has finished cleanly [pid 13658]
[INFO] [static_transform_publisher-2]: process has finished cleanly [pid 13655]
[INFO] [static_transform_publisher-5]: process has finished cleanly [pid 13659]
[INFO] [static_transform_publisher-3]: process has finished cleanly [pid 13656]
[INFO] [rviz2-10]: process has finished cleanly [pid 13664]
[INFO] [imu_euler_visualizer-6]: process has finished cleanly [pid 13660]
[INFO] [test_navigation-9]: process has finished cleanly [pid 13663]
[INFO] [test_navigation-8]: process has finished cleanly [pid 13662]
